This file contains any messages produced by compilers while
running configure, to aid debugging if configure makes a mistake.

It was created by configure, which was
generated by GNU Autoconf 2.69.  Invocation command line was

  $ ./configure 

## --------- ##
## Platform. ##
## --------- ##

hostname = core
uname -m = x86_64
uname -r = 2.6.32-042stab094.7
uname -s = Linux
uname -v = #1 SMP Wed Oct 22 12:43:21 MSK 2014

/usr/bin/uname -p = unknown
/bin/uname -X     = unknown

/bin/arch              = unknown
/usr/bin/arch -k       = unknown
/usr/convex/getsysinfo = unknown
/usr/bin/hostinfo      = unknown
/bin/machine           = unknown
/usr/bin/oslevel       = unknown
/bin/universe          = unknown

PATH: /usr/local/sbin
PATH: /usr/local/bin
PATH: /usr/sbin
PATH: /usr/bin
PATH: /sbin
PATH: /bin
PATH: /usr/games
PATH: /usr/local/games


## ----------- ##
## Core tests. ##
## ----------- ##

configure:2229: checking for gcc
configure:2245: found /usr/bin/gcc
configure:2256: result: gcc
configure:2485: checking for C compiler version
configure:2494: gcc --version >&5
gcc (Ubuntu 4.8.4-2ubuntu1~14.04.1) 4.8.4
Copyright (C) 2013 Free Software Foundation, Inc.
This is free software; see the source for copying conditions.  There is NO
warranty; not even for MERCHANTABILITY or FITNESS FOR A PARTICULAR PURPOSE.

configure:2505: $? = 0
configure:2494: gcc -v >&5
Using built-in specs.
COLLECT_GCC=gcc
COLLECT_LTO_WRAPPER=/usr/lib/gcc/x86_64-linux-gnu/4.8/lto-wrapper
Target: x86_64-linux-gnu
Configured with: ../src/configure -v --with-pkgversion='Ubuntu 4.8.4-2ubuntu1~14.04.1' --with-bugurl=file:///usr/share/doc/gcc-4.8/README.Bugs --enable-languages=c,c++,java,go,d,fortran,objc,obj-c++ --prefix=/usr --program-suffix=-4.8 --enable-shared --enable-linker-build-id --libexecdir=/usr/lib --without-included-gettext --enable-threads=posix --with-gxx-include-dir=/usr/include/c++/4.8 --libdir=/usr/lib --enable-nls --with-sysroot=/ --enable-clocale=gnu --enable-libstdcxx-debug --enable-libstdcxx-time=yes --enable-gnu-unique-object --disable-libmudflap --enable-plugin --with-system-zlib --disable-browser-plugin --enable-java-awt=gtk --enable-gtk-cairo --with-java-home=/usr/lib/jvm/java-1.5.0-gcj-4.8-amd64/jre --enable-java-home --with-jvm-root-dir=/usr/lib/jvm/java-1.5.0-gcj-4.8-amd64 --with-jvm-jar-dir=/usr/lib/jvm-exports/java-1.5.0-gcj-4.8-amd64 --with-arch-directory=amd64 --with-ecj-jar=/usr/share/java/eclipse-ecj.jar --enable-objc-gc --enable-multiarch --disable-werror --with-arch-32=i686 --with-abi=m64 --with-multilib-list=m32,m64,mx32 --with-tune=generic --enable-checking=release --build=x86_64-linux-gnu --host=x86_64-linux-gnu --target=x86_64-linux-gnu
Thread model: posix
gcc version 4.8.4 (Ubuntu 4.8.4-2ubuntu1~14.04.1) 
configure:2505: $? = 0
configure:2494: gcc -V >&5
gcc: error: unrecognized command line option '-V'
gcc: fatal error: no input files
compilation terminated.
configure:2505: $? = 4
configure:2494: gcc -qversion >&5
gcc: error: unrecognized command line option '-qversion'
gcc: fatal error: no input files
compilation terminated.
configure:2505: $? = 4
configure:2525: checking whether the C compiler works
configure:2547: gcc    conftest.c  >&5
configure:2551: $? = 0
configure:2599: result: yes
configure:2602: checking for C compiler default output file name
configure:2604: result: a.out
configure:2610: checking for suffix of executables
configure:2617: gcc -o conftest    conftest.c  >&5
configure:2621: $? = 0
configure:2643: result: 
configure:2665: checking whether we are cross compiling
configure:2673: gcc -o conftest    conftest.c  >&5
configure:2677: $? = 0
configure:2684: ./conftest
configure:2688: $? = 0
configure:2703: result: no
configure:2708: checking for suffix of object files
configure:2730: gcc -c   conftest.c >&5
configure:2734: $? = 0
configure:2755: result: o
configure:2759: checking whether we are using the GNU C compiler
configure:2778: gcc -c   conftest.c >&5
configure:2778: $? = 0
configure:2787: result: yes
configure:2796: checking whether gcc accepts -g
configure:2816: gcc -c -g  conftest.c >&5
configure:2816: $? = 0
configure:2857: result: yes
configure:2874: checking for gcc option to accept ISO C89
configure:2937: gcc  -c -g -O2  conftest.c >&5
configure:2937: $? = 0
configure:2950: result: none needed
configure:2976: checking how to run the C preprocessor
configure:3007: gcc -E  conftest.c
configure:3007: $? = 0
configure:3021: gcc -E  conftest.c
conftest.c:9:28: fatal error: ac_nonexistent.h: No such file or directory
 #include <ac_nonexistent.h>
                            ^
compilation terminated.
configure:3021: $? = 1
configure: failed program was:
| /* confdefs.h */
| #define PACKAGE_NAME ""
| #define PACKAGE_TARNAME ""
| #define PACKAGE_VERSION ""
| #define PACKAGE_STRING ""
| #define PACKAGE_BUGREPORT ""
| #define PACKAGE_URL ""
| /* end confdefs.h.  */
| #include <ac_nonexistent.h>
configure:3046: result: gcc -E
configure:3066: gcc -E  conftest.c
configure:3066: $? = 0
configure:3080: gcc -E  conftest.c
conftest.c:9:28: fatal error: ac_nonexistent.h: No such file or directory
 #include <ac_nonexistent.h>
                            ^
compilation terminated.
configure:3080: $? = 1
configure: failed program was:
| /* confdefs.h */
| #define PACKAGE_NAME ""
| #define PACKAGE_TARNAME ""
| #define PACKAGE_VERSION ""
| #define PACKAGE_STRING ""
| #define PACKAGE_BUGREPORT ""
| #define PACKAGE_URL ""
| /* end confdefs.h.  */
| #include <ac_nonexistent.h>
configure:3109: checking for grep that handles long lines and -e
configure:3167: result: /bin/grep
configure:3172: checking for egrep
configure:3234: result: /bin/grep -E
configure:3239: checking for ANSI C header files
configure:3259: gcc -c -g -O2  conftest.c >&5
configure:3259: $? = 0
configure:3332: gcc -o conftest -g -O2   conftest.c  >&5
configure:3332: $? = 0
configure:3332: ./conftest
configure:3332: $? = 0
configure:3343: result: yes
configure:3356: checking for sys/types.h
configure:3356: gcc -c -g -O2  conftest.c >&5
configure:3356: $? = 0
configure:3356: result: yes
configure:3356: checking for sys/stat.h
configure:3356: gcc -c -g -O2  conftest.c >&5
configure:3356: $? = 0
configure:3356: result: yes
configure:3356: checking for stdlib.h
configure:3356: gcc -c -g -O2  conftest.c >&5
configure:3356: $? = 0
configure:3356: result: yes
configure:3356: checking for string.h
configure:3356: gcc -c -g -O2  conftest.c >&5
configure:3356: $? = 0
configure:3356: result: yes
configure:3356: checking for memory.h
configure:3356: gcc -c -g -O2  conftest.c >&5
configure:3356: $? = 0
configure:3356: result: yes
configure:3356: checking for strings.h
configure:3356: gcc -c -g -O2  conftest.c >&5
configure:3356: $? = 0
configure:3356: result: yes
configure:3356: checking for inttypes.h
configure:3356: gcc -c -g -O2  conftest.c >&5
configure:3356: $? = 0
configure:3356: result: yes
configure:3356: checking for stdint.h
configure:3356: gcc -c -g -O2  conftest.c >&5
configure:3356: $? = 0
configure:3356: result: yes
configure:3356: checking for unistd.h
configure:3356: gcc -c -g -O2  conftest.c >&5
configure:3356: $? = 0
configure:3356: result: yes
configure:3369: checking minix/config.h usability
configure:3369: gcc -c -g -O2  conftest.c >&5
conftest.c:52:26: fatal error: minix/config.h: No such file or directory
 #include <minix/config.h>
                          ^
compilation terminated.
configure:3369: $? = 1
configure: failed program was:
| /* confdefs.h */
| #define PACKAGE_NAME ""
| #define PACKAGE_TARNAME ""
| #define PACKAGE_VERSION ""
| #define PACKAGE_STRING ""
| #define PACKAGE_BUGREPORT ""
| #define PACKAGE_URL ""
| #define STDC_HEADERS 1
| #define HAVE_SYS_TYPES_H 1
| #define HAVE_SYS_STAT_H 1
| #define HAVE_STDLIB_H 1
| #define HAVE_STRING_H 1
| #define HAVE_MEMORY_H 1
| #define HAVE_STRINGS_H 1
| #define HAVE_INTTYPES_H 1
| #define HAVE_STDINT_H 1
| #define HAVE_UNISTD_H 1
| /* end confdefs.h.  */
| #include <stdio.h>
| #ifdef HAVE_SYS_TYPES_H
| # include <sys/types.h>
| #endif
| #ifdef HAVE_SYS_STAT_H
| # include <sys/stat.h>
| #endif
| #ifdef STDC_HEADERS
| # include <stdlib.h>
| # include <stddef.h>
| #else
| # ifdef HAVE_STDLIB_H
| #  include <stdlib.h>
| # endif
| #endif
| #ifdef HAVE_STRING_H
| # if !defined STDC_HEADERS && defined HAVE_MEMORY_H
| #  include <memory.h>
| # endif
| # include <string.h>
| #endif
| #ifdef HAVE_STRINGS_H
| # include <strings.h>
| #endif
| #ifdef HAVE_INTTYPES_H
| # include <inttypes.h>
| #endif
| #ifdef HAVE_STDINT_H
| # include <stdint.h>
| #endif
| #ifdef HAVE_UNISTD_H
| # include <unistd.h>
| #endif
| #include <minix/config.h>
configure:3369: result: no
configure:3369: checking minix/config.h presence
configure:3369: gcc -E  conftest.c
conftest.c:19:26: fatal error: minix/config.h: No such file or directory
 #include <minix/config.h>
                          ^
compilation terminated.
configure:3369: $? = 1
configure: failed program was:
| /* confdefs.h */
| #define PACKAGE_NAME ""
| #define PACKAGE_TARNAME ""
| #define PACKAGE_VERSION ""
| #define PACKAGE_STRING ""
| #define PACKAGE_BUGREPORT ""
| #define PACKAGE_URL ""
| #define STDC_HEADERS 1
| #define HAVE_SYS_TYPES_H 1
| #define HAVE_SYS_STAT_H 1
| #define HAVE_STDLIB_H 1
| #define HAVE_STRING_H 1
| #define HAVE_MEMORY_H 1
| #define HAVE_STRINGS_H 1
| #define HAVE_INTTYPES_H 1
| #define HAVE_STDINT_H 1
| #define HAVE_UNISTD_H 1
| /* end confdefs.h.  */
| #include <minix/config.h>
configure:3369: result: no
configure:3369: checking for minix/config.h
configure:3369: result: no
configure:3390: checking whether it is safe to define __EXTENSIONS__
configure:3408: gcc -c -g -O2  conftest.c >&5
configure:3408: $? = 0
configure:3415: result: yes
configure:3796: checking whether make sets $(MAKE)
configure:3818: result: yes
configure:3875: checking for gcc
configure:3902: result: gcc
configure:4131: checking for C compiler version
configure:4140: gcc --version >&5
gcc (Ubuntu 4.8.4-2ubuntu1~14.04.1) 4.8.4
Copyright (C) 2013 Free Software Foundation, Inc.
This is free software; see the source for copying conditions.  There is NO
warranty; not even for MERCHANTABILITY or FITNESS FOR A PARTICULAR PURPOSE.

configure:4151: $? = 0
configure:4140: gcc -v >&5
Using built-in specs.
COLLECT_GCC=gcc
COLLECT_LTO_WRAPPER=/usr/lib/gcc/x86_64-linux-gnu/4.8/lto-wrapper
Target: x86_64-linux-gnu
Configured with: ../src/configure -v --with-pkgversion='Ubuntu 4.8.4-2ubuntu1~14.04.1' --with-bugurl=file:///usr/share/doc/gcc-4.8/README.Bugs --enable-languages=c,c++,java,go,d,fortran,objc,obj-c++ --prefix=/usr --program-suffix=-4.8 --enable-shared --enable-linker-build-id --libexecdir=/usr/lib --without-included-gettext --enable-threads=posix --with-gxx-include-dir=/usr/include/c++/4.8 --libdir=/usr/lib --enable-nls --with-sysroot=/ --enable-clocale=gnu --enable-libstdcxx-debug --enable-libstdcxx-time=yes --enable-gnu-unique-object --disable-libmudflap --enable-plugin --with-system-zlib --disable-browser-plugin --enable-java-awt=gtk --enable-gtk-cairo --with-java-home=/usr/lib/jvm/java-1.5.0-gcj-4.8-amd64/jre --enable-java-home --with-jvm-root-dir=/usr/lib/jvm/java-1.5.0-gcj-4.8-amd64 --with-jvm-jar-dir=/usr/lib/jvm-exports/java-1.5.0-gcj-4.8-amd64 --with-arch-directory=amd64 --with-ecj-jar=/usr/share/java/eclipse-ecj.jar --enable-objc-gc --enable-multiarch --disable-werror --with-arch-32=i686 --with-abi=m64 --with-multilib-list=m32,m64,mx32 --with-tune=generic --enable-checking=release --build=x86_64-linux-gnu --host=x86_64-linux-gnu --target=x86_64-linux-gnu
Thread model: posix
gcc version 4.8.4 (Ubuntu 4.8.4-2ubuntu1~14.04.1) 
configure:4151: $? = 0
configure:4140: gcc -V >&5
gcc: error: unrecognized command line option '-V'
gcc: fatal error: no input files
compilation terminated.
configure:4151: $? = 4
configure:4140: gcc -qversion >&5
gcc: error: unrecognized command line option '-qversion'
gcc: fatal error: no input files
compilation terminated.
configure:4151: $? = 4
configure:4155: checking whether we are using the GNU C compiler
configure:4183: result: yes
configure:4192: checking whether gcc accepts -g
configure:4253: result: yes
configure:4270: checking for gcc option to accept ISO C89
configure:4346: result: none needed
configure:4371: checking how to run the C preprocessor
configure:4441: result: gcc -E
configure:4461: gcc -E  -DMAXCONN=16384 conftest.c
configure:4461: $? = 0
configure:4475: gcc -E  -DMAXCONN=16384 conftest.c
conftest.c:24:28: fatal error: ac_nonexistent.h: No such file or directory
 #include <ac_nonexistent.h>
                            ^
compilation terminated.
configure:4475: $? = 1
configure: failed program was:
| /* confdefs.h */
| #define PACKAGE_NAME ""
| #define PACKAGE_TARNAME ""
| #define PACKAGE_VERSION ""
| #define PACKAGE_STRING ""
| #define PACKAGE_BUGREPORT ""
| #define PACKAGE_URL ""
| #define STDC_HEADERS 1
| #define HAVE_SYS_TYPES_H 1
| #define HAVE_SYS_STAT_H 1
| #define HAVE_STDLIB_H 1
| #define HAVE_STRING_H 1
| #define HAVE_MEMORY_H 1
| #define HAVE_STRINGS_H 1
| #define HAVE_INTTYPES_H 1
| #define HAVE_STDINT_H 1
| #define HAVE_UNISTD_H 1
| #define __EXTENSIONS__ 1
| #define _ALL_SOURCE 1
| #define _GNU_SOURCE 1
| #define _POSIX_PTHREAD_SEMANTICS 1
| #define _TANDEM_SOURCE 1
| /* end confdefs.h.  */
| #include <ac_nonexistent.h>
configure:4505: checking for ar
configure:4523: found /usr/bin/ar
configure:4535: result: /usr/bin/ar
configure:4555: checking whether byte ordering is bigendian
configure:4570: gcc -c -g -O2 -pipe -ffast-math -Wall  -DMAXCONN=16384 -I../common conftest.c >&5
conftest.c:25:9: error: unknown type name 'not'
         not a universal capable compiler
         ^
conftest.c:25:15: error: expected '=', ',', ';', 'asm' or '__attribute__' before 'universal'
         not a universal capable compiler
               ^
conftest.c:25:15: error: unknown type name 'universal'
configure:4570: $? = 1
configure: failed program was:
| /* confdefs.h */
| #define PACKAGE_NAME ""
| #define PACKAGE_TARNAME ""
| #define PACKAGE_VERSION ""
| #define PACKAGE_STRING ""
| #define PACKAGE_BUGREPORT ""
| #define PACKAGE_URL ""
| #define STDC_HEADERS 1
| #define HAVE_SYS_TYPES_H 1
| #define HAVE_SYS_STAT_H 1
| #define HAVE_STDLIB_H 1
| #define HAVE_STRING_H 1
| #define HAVE_MEMORY_H 1
| #define HAVE_STRINGS_H 1
| #define HAVE_INTTYPES_H 1
| #define HAVE_STDINT_H 1
| #define HAVE_UNISTD_H 1
| #define __EXTENSIONS__ 1
| #define _ALL_SOURCE 1
| #define _GNU_SOURCE 1
| #define _POSIX_PTHREAD_SEMANTICS 1
| #define _TANDEM_SOURCE 1
| /* end confdefs.h.  */
| #ifndef __APPLE_CC__
| 	       not a universal capable compiler
| 	     #endif
| 	     typedef int dummy;
| 
configure:4615: gcc -c -g -O2 -pipe -ffast-math -Wall  -DMAXCONN=16384 -I../common conftest.c >&5
configure:4615: $? = 0
configure:4633: gcc -c -g -O2 -pipe -ffast-math -Wall  -DMAXCONN=16384 -I../common conftest.c >&5
conftest.c: In function 'main':
conftest.c:31:4: error: unknown type name 'not'
    not big endian
    ^
conftest.c:31:12: error: expected '=', ',', ';', 'asm' or '__attribute__' before 'endian'
    not big endian
            ^
configure:4633: $? = 1
configure: failed program was:
| /* confdefs.h */
| #define PACKAGE_NAME ""
| #define PACKAGE_TARNAME ""
| #define PACKAGE_VERSION ""
| #define PACKAGE_STRING ""
| #define PACKAGE_BUGREPORT ""
| #define PACKAGE_URL ""
| #define STDC_HEADERS 1
| #define HAVE_SYS_TYPES_H 1
| #define HAVE_SYS_STAT_H 1
| #define HAVE_STDLIB_H 1
| #define HAVE_STRING_H 1
| #define HAVE_MEMORY_H 1
| #define HAVE_STRINGS_H 1
| #define HAVE_INTTYPES_H 1
| #define HAVE_STDINT_H 1
| #define HAVE_UNISTD_H 1
| #define __EXTENSIONS__ 1
| #define _ALL_SOURCE 1
| #define _GNU_SOURCE 1
| #define _POSIX_PTHREAD_SEMANTICS 1
| #define _TANDEM_SOURCE 1
| /* end confdefs.h.  */
| #include <sys/types.h>
| 		#include <sys/param.h>
| 
| int
| main ()
| {
| #if BYTE_ORDER != BIG_ENDIAN
| 		 not big endian
| 		#endif
| 
|   ;
|   return 0;
| }
configure:4761: result: no
configure:4830: checking whether gcc produces 32bit code
configure:4848: gcc -o conftest -g -O2 -pipe -ffast-math -Wall  -DMAXCONN=16384 -I../common  conftest.c  >&5
configure:4848: $? = 0
configure:4848: ./conftest
configure:4848: $? = 1
configure: program exited with status 1
configure: failed program was:
| /* confdefs.h */
| #define PACKAGE_NAME ""
| #define PACKAGE_TARNAME ""
| #define PACKAGE_VERSION ""
| #define PACKAGE_STRING ""
| #define PACKAGE_BUGREPORT ""
| #define PACKAGE_URL ""
| #define STDC_HEADERS 1
| #define HAVE_SYS_TYPES_H 1
| #define HAVE_SYS_STAT_H 1
| #define HAVE_STDLIB_H 1
| #define HAVE_STRING_H 1
| #define HAVE_MEMORY_H 1
| #define HAVE_STRINGS_H 1
| #define HAVE_INTTYPES_H 1
| #define HAVE_STDINT_H 1
| #define HAVE_UNISTD_H 1
| #define __EXTENSIONS__ 1
| #define _ALL_SOURCE 1
| #define _GNU_SOURCE 1
| #define _POSIX_PTHREAD_SEMANTICS 1
| #define _TANDEM_SOURCE 1
| /* end confdefs.h.  */
| 
| 		int main(int argc, char **argv){
| 			if(sizeof(void*) == 4) return 0;
| 			else return 1;
| 		}
| 
configure:4893: result: no
configure:4907: checking whether gcc supports __thread specifier (TLS)
configure:4926: gcc -o conftest -g -O2 -pipe -ffast-math -Wall  -DMAXCONN=16384 -I../common  conftest.c  >&5
configure:4926: $? = 0
configure:4926: ./conftest
configure:4926: $? = 0
configure:4928: result: yes
configure:4957: checking whether gcc supports -ffat-lto-objects
configure:4974: gcc -o conftest -g -O2 -pipe -ffast-math -Wall -flto -fuse-linker-plugin -ffat-lto-objects  -DMAXCONN=16384 -I../common -DHAS_TLS  -flto -fuse-linker-plugin -ffat-lto-objects conftest.c  >&5
configure:4974: $? = 0
configure:4974: ./conftest
configure:4974: $? = 0
configure:4976: result: yes
configure:4996: checking whether gcc supports -flto -fuse-linker-plugin
configure:5013: gcc -o conftest -g -O2 -pipe -ffast-math -Wall -flto -fuse-linker-plugin  -DMAXCONN=16384 -I../common -DHAS_TLS  -flto -fuse-linker-plugin conftest.c  >&5
configure:5013: $? = 0
configure:5013: ./conftest
configure:5013: $? = 0
configure:5015: result: yes
configure:5040: checking whether gcc supports -Wno-unused-parameter
configure:5048: gcc -c -g -O2 -pipe -ffast-math -Wall -Werror -Wno-unused-parameter  -DMAXCONN=16384 -I../common -DHAS_TLS conftest.c >&5
configure:5048: $? = 0
configure:5058: gcc -c -g -O2 -pipe -ffast-math -Wall -Werror -Wunused-parameter  -DMAXCONN=16384 -I../common -DHAS_TLS conftest.c >&5
configure:5058: $? = 0
configure:5060: result: yes
configure:5065: checking whether gcc can actually use -Wno-unused-parameter
configure:5072: gcc -c -g -O2 -pipe -ffast-math -Wall -Werror -Wunused-parameter  -DMAXCONN=16384 -I../common -DHAS_TLS conftest.c >&5
conftest.c: In function 'foo':
conftest.c:24:13: error: unused parameter 'bar' [-Werror=unused-parameter]
 int foo(int bar) { return 0; }
             ^
cc1: all warnings being treated as errors
configure:5072: $? = 1
configure: failed program was:
| /* confdefs.h */
| #define PACKAGE_NAME ""
| #define PACKAGE_TARNAME ""
| #define PACKAGE_VERSION ""
| #define PACKAGE_STRING ""
| #define PACKAGE_BUGREPORT ""
| #define PACKAGE_URL ""
| #define STDC_HEADERS 1
| #define HAVE_SYS_TYPES_H 1
| #define HAVE_SYS_STAT_H 1
| #define HAVE_STDLIB_H 1
| #define HAVE_STRING_H 1
| #define HAVE_MEMORY_H 1
| #define HAVE_STRINGS_H 1
| #define HAVE_INTTYPES_H 1
| #define HAVE_STDINT_H 1
| #define HAVE_UNISTD_H 1
| #define __EXTENSIONS__ 1
| #define _ALL_SOURCE 1
| #define _GNU_SOURCE 1
| #define _POSIX_PTHREAD_SEMANTICS 1
| #define _TANDEM_SOURCE 1
| /* end confdefs.h.  */
| int foo(int bar) { return 0; }
configure:5085: gcc -c -g -O2 -pipe -ffast-math -Wall -Werror -Wno-unused-parameter  -DMAXCONN=16384 -I../common -DHAS_TLS conftest.c >&5
configure:5085: $? = 0
configure:5087: result: yes
configure:5128: checking whether gcc supports -Wno-maybe-uninitialized
configure:5136: gcc -c -g -O2 -pipe -ffast-math -Wall -Wno-unused-parameter -Werror -Wno-maybe-uninitialized  -DMAXCONN=16384 -I../common -DHAS_TLS conftest.c >&5
configure:5136: $? = 0
configure:5146: gcc -c -g -O2 -pipe -ffast-math -Wall -Wno-unused-parameter -Werror -Wmaybe-uninitialized  -DMAXCONN=16384 -I../common -DHAS_TLS conftest.c >&5
configure:5146: $? = 0
configure:5148: result: yes
configure:5216: checking whether gcc supports -Wno-clobbered
configure:5224: gcc -c -g -O2 -pipe -ffast-math -Wall -Wno-unused-parameter -Wno-maybe-uninitialized -Werror -Wno-clobbered  -DMAXCONN=16384 -I../common -DHAS_TLS conftest.c >&5
configure:5224: $? = 0
configure:5234: gcc -c -g -O2 -pipe -ffast-math -Wall -Wno-unused-parameter -Wno-maybe-uninitialized -Werror -Wclobbered  -DMAXCONN=16384 -I../common -DHAS_TLS conftest.c >&5
configure:5234: $? = 0
configure:5236: result: yes
configure:5304: checking whether gcc supports -Wempty-body
configure:5312: gcc -c -g -O2 -pipe -ffast-math -Wall -Wno-unused-parameter -Wno-maybe-uninitialized -Wno-clobbered -Werror -Wempty-body  -DMAXCONN=16384 -I../common -DHAS_TLS conftest.c >&5
configure:5312: $? = 0
configure:5314: result: yes
configure:5353: checking whether gcc supports -Wnewline-eof
configure:5361: gcc -c -g -O2 -pipe -ffast-math -Wall -Wno-unused-parameter -Wno-maybe-uninitialized -Wno-clobbered -Wempty-body -Werror -Wnewline-eof  -DMAXCONN=16384 -I../common -DHAS_TLS conftest.c >&5
gcc: error: unrecognized command line option '-Wnewline-eof'
configure:5361: $? = 1
configure: failed program was:
| /* confdefs.h */
| #define PACKAGE_NAME ""
| #define PACKAGE_TARNAME ""
| #define PACKAGE_VERSION ""
| #define PACKAGE_STRING ""
| #define PACKAGE_BUGREPORT ""
| #define PACKAGE_URL ""
| #define STDC_HEADERS 1
| #define HAVE_SYS_TYPES_H 1
| #define HAVE_SYS_STAT_H 1
| #define HAVE_STDLIB_H 1
| #define HAVE_STRING_H 1
| #define HAVE_MEMORY_H 1
| #define HAVE_STRINGS_H 1
| #define HAVE_INTTYPES_H 1
| #define HAVE_STDINT_H 1
| #define HAVE_UNISTD_H 1
| #define __EXTENSIONS__ 1
| #define _ALL_SOURCE 1
| #define _GNU_SOURCE 1
| #define _POSIX_PTHREAD_SEMANTICS 1
| #define _TANDEM_SOURCE 1
| /* end confdefs.h.  */
| int foo;
configure:5392: result: no
configure:5402: checking whether gcc supports -Wint-conversion
configure:5410: gcc -c -g -O2 -pipe -ffast-math -Wall -Wno-unused-parameter -Wno-maybe-uninitialized -Wno-clobbered -Wempty-body -Werror -Wint-conversion  -DMAXCONN=16384 -I../common -DHAS_TLS conftest.c >&5
gcc: error: unrecognized command line option '-Wint-conversion'
configure:5410: $? = 1
configure: failed program was:
| /* confdefs.h */
| #define PACKAGE_NAME ""
| #define PACKAGE_TARNAME ""
| #define PACKAGE_VERSION ""
| #define PACKAGE_STRING ""
| #define PACKAGE_BUGREPORT ""
| #define PACKAGE_URL ""
| #define STDC_HEADERS 1
| #define HAVE_SYS_TYPES_H 1
| #define HAVE_SYS_STAT_H 1
| #define HAVE_STDLIB_H 1
| #define HAVE_STRING_H 1
| #define HAVE_MEMORY_H 1
| #define HAVE_STRINGS_H 1
| #define HAVE_INTTYPES_H 1
| #define HAVE_STDINT_H 1
| #define HAVE_UNISTD_H 1
| #define __EXTENSIONS__ 1
| #define _ALL_SOURCE 1
| #define _GNU_SOURCE 1
| #define _POSIX_PTHREAD_SEMANTICS 1
| #define _TANDEM_SOURCE 1
| /* end confdefs.h.  */
| int foo;
configure:5441: result: no
configure:5451: checking whether gcc supports -Wenum-conversion
configure:5459: gcc -c -g -O2 -pipe -ffast-math -Wall -Wno-unused-parameter -Wno-maybe-uninitialized -Wno-clobbered -Wempty-body -Werror -Wenum-conversion  -DMAXCONN=16384 -I../common -DHAS_TLS conftest.c >&5
gcc: error: unrecognized command line option '-Wenum-conversion'
configure:5459: $? = 1
configure: failed program was:
| /* confdefs.h */
| #define PACKAGE_NAME ""
| #define PACKAGE_TARNAME ""
| #define PACKAGE_VERSION ""
| #define PACKAGE_STRING ""
| #define PACKAGE_BUGREPORT ""
| #define PACKAGE_URL ""
| #define STDC_HEADERS 1
| #define HAVE_SYS_TYPES_H 1
| #define HAVE_SYS_STAT_H 1
| #define HAVE_STDLIB_H 1
| #define HAVE_STRING_H 1
| #define HAVE_MEMORY_H 1
| #define HAVE_STRINGS_H 1
| #define HAVE_INTTYPES_H 1
| #define HAVE_STDINT_H 1
| #define HAVE_UNISTD_H 1
| #define __EXTENSIONS__ 1
| #define _ALL_SOURCE 1
| #define _GNU_SOURCE 1
| #define _POSIX_PTHREAD_SEMANTICS 1
| #define _TANDEM_SOURCE 1
| /* end confdefs.h.  */
| int foo;
configure:5490: result: no
configure:5500: checking whether gcc supports -Wshorten-64-to-32
configure:5508: gcc -c -g -O2 -pipe -ffast-math -Wall -Wno-unused-parameter -Wno-maybe-uninitialized -Wno-clobbered -Wempty-body -Werror -Wshorten-64-to-32  -DMAXCONN=16384 -I../common -DHAS_TLS conftest.c >&5
gcc: error: unrecognized command line option '-Wshorten-64-to-32'
configure:5508: $? = 1
configure: failed program was:
| /* confdefs.h */
| #define PACKAGE_NAME ""
| #define PACKAGE_TARNAME ""
| #define PACKAGE_VERSION ""
| #define PACKAGE_STRING ""
| #define PACKAGE_BUGREPORT ""
| #define PACKAGE_URL ""
| #define STDC_HEADERS 1
| #define HAVE_SYS_TYPES_H 1
| #define HAVE_SYS_STAT_H 1
| #define HAVE_STDLIB_H 1
| #define HAVE_STRING_H 1
| #define HAVE_MEMORY_H 1
| #define HAVE_STRINGS_H 1
| #define HAVE_INTTYPES_H 1
| #define HAVE_STDINT_H 1
| #define HAVE_UNISTD_H 1
| #define __EXTENSIONS__ 1
| #define _ALL_SOURCE 1
| #define _GNU_SOURCE 1
| #define _POSIX_PTHREAD_SEMANTICS 1
| #define _TANDEM_SOURCE 1
| /* end confdefs.h.  */
| int foo;
configure:5539: result: no
configure:5549: checking whether gcc supports -Wconstant-conversion
configure:5557: gcc -c -g -O2 -pipe -ffast-math -Wall -Wno-unused-parameter -Wno-maybe-uninitialized -Wno-clobbered -Wempty-body -Werror -Wconstant-conversion  -DMAXCONN=16384 -I../common -DHAS_TLS conftest.c >&5
gcc: error: unrecognized command line option '-Wconstant-conversion'
configure:5557: $? = 1
configure: failed program was:
| /* confdefs.h */
| #define PACKAGE_NAME ""
| #define PACKAGE_TARNAME ""
| #define PACKAGE_VERSION ""
| #define PACKAGE_STRING ""
| #define PACKAGE_BUGREPORT ""
| #define PACKAGE_URL ""
| #define STDC_HEADERS 1
| #define HAVE_SYS_TYPES_H 1
| #define HAVE_SYS_STAT_H 1
| #define HAVE_STDLIB_H 1
| #define HAVE_STRING_H 1
| #define HAVE_MEMORY_H 1
| #define HAVE_STRINGS_H 1
| #define HAVE_INTTYPES_H 1
| #define HAVE_STDINT_H 1
| #define HAVE_UNISTD_H 1
| #define __EXTENSIONS__ 1
| #define _ALL_SOURCE 1
| #define _GNU_SOURCE 1
| #define _POSIX_PTHREAD_SEMANTICS 1
| #define _TANDEM_SOURCE 1
| /* end confdefs.h.  */
| int foo;
configure:5588: result: no
configure:5598: checking whether gcc supports -Wbool-conversion
configure:5606: gcc -c -g -O2 -pipe -ffast-math -Wall -Wno-unused-parameter -Wno-maybe-uninitialized -Wno-clobbered -Wempty-body -Werror -Wbool-conversion  -DMAXCONN=16384 -I../common -DHAS_TLS conftest.c >&5
gcc: error: unrecognized command line option '-Wbool-conversion'
configure:5606: $? = 1
configure: failed program was:
| /* confdefs.h */
| #define PACKAGE_NAME ""
| #define PACKAGE_TARNAME ""
| #define PACKAGE_VERSION ""
| #define PACKAGE_STRING ""
| #define PACKAGE_BUGREPORT ""
| #define PACKAGE_URL ""
| #define STDC_HEADERS 1
| #define HAVE_SYS_TYPES_H 1
| #define HAVE_SYS_STAT_H 1
| #define HAVE_STDLIB_H 1
| #define HAVE_STRING_H 1
| #define HAVE_MEMORY_H 1
| #define HAVE_STRINGS_H 1
| #define HAVE_INTTYPES_H 1
| #define HAVE_STDINT_H 1
| #define HAVE_UNISTD_H 1
| #define __EXTENSIONS__ 1
| #define _ALL_SOURCE 1
| #define _GNU_SOURCE 1
| #define _POSIX_PTHREAD_SEMANTICS 1
| #define _TANDEM_SOURCE 1
| /* end confdefs.h.  */
| int foo;
configure:5637: result: no
configure:5647: checking whether gcc supports -Wno-switch
configure:5655: gcc -c -g -O2 -pipe -ffast-math -Wall -Wno-unused-parameter -Wno-maybe-uninitialized -Wno-clobbered -Wempty-body -Werror -Wno-switch  -DMAXCONN=16384 -I../common -DHAS_TLS conftest.c >&5
configure:5655: $? = 0
configure:5665: gcc -c -g -O2 -pipe -ffast-math -Wall -Wno-unused-parameter -Wno-maybe-uninitialized -Wno-clobbered -Wempty-body -Werror -Wswitch  -DMAXCONN=16384 -I../common -DHAS_TLS conftest.c >&5
configure:5665: $? = 0
configure:5667: result: yes
configure:5735: checking whether gcc supports -Wno-missing-field-initializers
configure:5743: gcc -c -g -O2 -pipe -ffast-math -Wall -Wno-unused-parameter -Wno-maybe-uninitialized -Wno-clobbered -Wempty-body -Wno-switch -Werror -Wno-missing-field-initializers  -DMAXCONN=16384 -I../common -DHAS_TLS conftest.c >&5
configure:5743: $? = 0
configure:5753: gcc -c -g -O2 -pipe -ffast-math -Wall -Wno-unused-parameter -Wno-maybe-uninitialized -Wno-clobbered -Wempty-body -Wno-switch -Werror -Wmissing-field-initializers  -DMAXCONN=16384 -I../common -DHAS_TLS conftest.c >&5
configure:5753: $? = 0
configure:5755: result: yes
configure:5828: checking whether gcc supports -Wshadow
configure:5836: gcc -c -g -O2 -pipe -ffast-math -Wall -Wno-unused-parameter -Wno-maybe-uninitialized -Wno-clobbered -Wempty-body -Wno-switch -Wno-missing-field-initializers -Werror -Wshadow  -DMAXCONN=16384 -I../common -DHAS_TLS conftest.c >&5
configure:5836: $? = 0
configure:5838: result: yes
configure:5877: checking whether gcc can efficiently use -Wshadow
configure:5893: gcc -c -g -O2 -pipe -ffast-math -Wall -Wno-unused-parameter -Wno-maybe-uninitialized -Wno-clobbered -Wempty-body -Wno-switch -Wno-missing-field-initializers -Wshadow -Werror -Wshadow  -DMAXCONN=16384 -I../common -DHAS_TLS conftest.c >&5
configure:5893: $? = 0
configure:5895: result: yes
configure:5910: checking whether gcc supports -fPIC
configure:5918: gcc -c -g -O2 -pipe -ffast-math -Wall -Wno-unused-parameter -Wno-maybe-uninitialized -Wno-clobbered -Wempty-body -Wno-switch -Wno-missing-field-initializers -Wshadow -fPIC  -DMAXCONN=16384 -I../common -DHAS_TLS conftest.c >&5
configure:5918: $? = 0
configure:5920: result: yes
configure:5938: checking how to make shared objects
configure:5959: gcc -o conftest -g -O2 -pipe -ffast-math -Wall -Wno-unused-parameter -Wno-maybe-uninitialized -Wno-clobbered -Wempty-body -Wno-switch -Wno-missing-field-initializers -Wshadow -fPIC -shared  -DMAXCONN=16384 -I../common -DHAS_TLS  conftest.c  >&5
configure:5959: $? = 0
configure:5981: gcc -o conftest -g -O2 -pipe -ffast-math -Wall -Wno-unused-parameter -Wno-maybe-uninitialized -Wno-clobbered -Wempty-body -Wno-switch -Wno-missing-field-initializers -Wshadow -fPIC -nostart  -DMAXCONN=16384 -I../common -DHAS_TLS  conftest.c  >&5
gcc: error: unrecognized command line option '-nostart'
configure:5981: $? = 1
configure: failed program was:
| /* confdefs.h */
| #define PACKAGE_NAME ""
| #define PACKAGE_TARNAME ""
| #define PACKAGE_VERSION ""
| #define PACKAGE_STRING ""
| #define PACKAGE_BUGREPORT ""
| #define PACKAGE_URL ""
| #define STDC_HEADERS 1
| #define HAVE_SYS_TYPES_H 1
| #define HAVE_SYS_STAT_H 1
| #define HAVE_STDLIB_H 1
| #define HAVE_STRING_H 1
| #define HAVE_MEMORY_H 1
| #define HAVE_STRINGS_H 1
| #define HAVE_INTTYPES_H 1
| #define HAVE_STDINT_H 1
| #define HAVE_UNISTD_H 1
| #define __EXTENSIONS__ 1
| #define _ALL_SOURCE 1
| #define _GNU_SOURCE 1
| #define _POSIX_PTHREAD_SEMANTICS 1
| #define _TANDEM_SOURCE 1
| /* end confdefs.h.  */
| 
| 		int bar = 0;
| 
| 		int foo(void)
| 		{
| 			return bar;
| 		}
| 
configure:5998: result: -shared yes
configure:6007: checking whether gcc needs -Wl,--no-undefined to check for undefined references in shared objects
configure:6019: gcc -o conftest  -shared  -DMAXCONN=16384 -I../common -DHAS_TLS  conftest.c  >&5
/usr/bin/ld: /tmp/cc5XBqPP.o: relocation R_X86_64_PC32 against undefined symbol `foobar' can not be used when making a shared object; recompile with -fPIC
/usr/bin/ld: final link failed: Bad value
collect2: error: ld returned 1 exit status
configure:6019: $? = 1
configure: failed program was:
| /* confdefs.h */
| #define PACKAGE_NAME ""
| #define PACKAGE_TARNAME ""
| #define PACKAGE_VERSION ""
| #define PACKAGE_STRING ""
| #define PACKAGE_BUGREPORT ""
| #define PACKAGE_URL ""
| #define STDC_HEADERS 1
| #define HAVE_SYS_TYPES_H 1
| #define HAVE_SYS_STAT_H 1
| #define HAVE_STDLIB_H 1
| #define HAVE_STRING_H 1
| #define HAVE_MEMORY_H 1
| #define HAVE_STRINGS_H 1
| #define HAVE_INTTYPES_H 1
| #define HAVE_STDINT_H 1
| #define HAVE_UNISTD_H 1
| #define __EXTENSIONS__ 1
| #define _ALL_SOURCE 1
| #define _GNU_SOURCE 1
| #define _POSIX_PTHREAD_SEMANTICS 1
| #define _TANDEM_SOURCE 1
| /* end confdefs.h.  */
| 
| 			void foo(void) {
| 				foobar();
| 			}
| 
configure:6050: result: no
configure:6063: checking whether gcc needs -fPIC for shared objects
configure:6079: gcc -o conftest -g -O2 -pipe -ffast-math -Wall -Wno-unused-parameter -Wno-maybe-uninitialized -Wno-clobbered -Wempty-body -Wno-switch -Wno-missing-field-initializers -Wshadow  -shared  -DMAXCONN=16384 -I../common -DHAS_TLS  conftest.c  >&5
/usr/bin/ld: /tmp/cccK3kAQ.o: relocation R_X86_64_PC32 against symbol `bar' can not be used when making a shared object; recompile with -fPIC
/usr/bin/ld: final link failed: Bad value
collect2: error: ld returned 1 exit status
configure:6079: $? = 1
configure: failed program was:
| /* confdefs.h */
| #define PACKAGE_NAME ""
| #define PACKAGE_TARNAME ""
| #define PACKAGE_VERSION ""
| #define PACKAGE_STRING ""
| #define PACKAGE_BUGREPORT ""
| #define PACKAGE_URL ""
| #define STDC_HEADERS 1
| #define HAVE_SYS_TYPES_H 1
| #define HAVE_SYS_STAT_H 1
| #define HAVE_STDLIB_H 1
| #define HAVE_STRING_H 1
| #define HAVE_MEMORY_H 1
| #define HAVE_STRINGS_H 1
| #define HAVE_INTTYPES_H 1
| #define HAVE_STDINT_H 1
| #define HAVE_UNISTD_H 1
| #define __EXTENSIONS__ 1
| #define _ALL_SOURCE 1
| #define _GNU_SOURCE 1
| #define _POSIX_PTHREAD_SEMANTICS 1
| #define _TANDEM_SOURCE 1
| /* end confdefs.h.  */
| 
| 			int bar = 0;
| 
| 			int foo(void)
| 			{
| 				return bar;
| 			}
| 
configure:6101: gcc -o conftest -g -O2 -pipe -ffast-math -Wall -Wno-unused-parameter -Wno-maybe-uninitialized -Wno-clobbered -Wempty-body -Wno-switch -Wno-missing-field-initializers -Wshadow  -shared -fPIC  -DMAXCONN=16384 -I../common -DHAS_TLS  conftest.c  >&5
configure:6101: $? = 0
configure:6103: result: yes
configure:6139: checking whether gcc supports -fno-strict-aliasing
configure:6147: gcc -c -g -O2 -pipe -ffast-math -Wall -Wno-unused-parameter -Wno-maybe-uninitialized -Wno-clobbered -Wempty-body -Wno-switch -Wno-missing-field-initializers -Wshadow -fPIC -fno-strict-aliasing  -DMAXCONN=16384 -I../common -DHAS_TLS conftest.c >&5
configure:6147: $? = 0
configure:6148: result: yes
configure:6169: checking for setrlimit
configure:6169: gcc -o conftest -g -O2 -pipe -ffast-math -Wall -Wno-unused-parameter -Wno-maybe-uninitialized -Wno-clobbered -Wempty-body -Wno-switch -Wno-missing-field-initializers -Wshadow -fPIC -fno-strict-aliasing  -DMAXCONN=16384 -I../common -DHAS_TLS  conftest.c  >&5
configure:6169: $? = 0
configure:6169: result: yes
configure:6179: checking for strnlen
configure:6179: gcc -o conftest -g -O2 -pipe -ffast-math -Wall -Wno-unused-parameter -Wno-maybe-uninitialized -Wno-clobbered -Wempty-body -Wno-switch -Wno-missing-field-initializers -Wshadow -fPIC -fno-strict-aliasing  -DMAXCONN=16384 -I../common -DHAS_TLS -DHAVE_SETRLIMIT  conftest.c  >&5
configure:6179: $? = 0
configure:6179: result: yes
configure:6188: checking for uselocale
configure:6188: gcc -o conftest -g -O2 -pipe -ffast-math -Wall -Wno-unused-parameter -Wno-maybe-uninitialized -Wno-clobbered -Wempty-body -Wno-switch -Wno-missing-field-initializers -Wshadow -fPIC -fno-strict-aliasing  -DMAXCONN=16384 -I../common -DHAS_TLS -DHAVE_SETRLIMIT -DHAVE_STRNLEN  conftest.c  >&5
configure:6188: $? = 0
configure:6188: result: yes
configure:6199: checking for newlocale
configure:6199: gcc -o conftest -g -O2 -pipe -ffast-math -Wall -Wno-unused-parameter -Wno-maybe-uninitialized -Wno-clobbered -Wempty-body -Wno-switch -Wno-missing-field-initializers -Wshadow -fPIC -fno-strict-aliasing  -DMAXCONN=16384 -I../common -DHAS_TLS -DHAVE_SETRLIMIT -DHAVE_STRNLEN  conftest.c  >&5
configure:6199: $? = 0
configure:6199: result: yes
configure:6210: checking for freelocale
configure:6210: gcc -o conftest -g -O2 -pipe -ffast-math -Wall -Wno-unused-parameter -Wno-maybe-uninitialized -Wno-clobbered -Wempty-body -Wno-switch -Wno-missing-field-initializers -Wshadow -fPIC -fno-strict-aliasing  -DMAXCONN=16384 -I../common -DHAS_TLS -DHAVE_SETRLIMIT -DHAVE_STRNLEN  conftest.c  >&5
configure:6210: $? = 0
configure:6210: result: yes
configure:6221: checking for xlocale.h
configure:6221: gcc -c -g -O2 -pipe -ffast-math -Wall -Wno-unused-parameter -Wno-maybe-uninitialized -Wno-clobbered -Wempty-body -Wno-switch -Wno-missing-field-initializers -Wshadow -fPIC -fno-strict-aliasing  -DMAXCONN=16384 -I../common -DHAS_TLS -DHAVE_SETRLIMIT -DHAVE_STRNLEN conftest.c >&5
configure:6221: $? = 0
configure:6221: result: yes
configure:6398: checking for library containing inflateEnd
configure:6429: gcc -o conftest -g -O2 -pipe -ffast-math -Wall -Wno-unused-parameter -Wno-maybe-uninitialized -Wno-clobbered -Wempty-body -Wno-switch -Wno-missing-field-initializers -Wshadow -fPIC -fno-strict-aliasing  -DMAXCONN=16384 -I../common -DHAS_TLS -DHAVE_SETRLIMIT -DHAVE_STRNLEN  -I/usr/include  -L/usr/lib conftest.c  >&5
/tmp/ccH7Xu3p.o: In function `main':
/home/ragnarok/emu/conftest.c:39: undefined reference to `inflateEnd'
collect2: error: ld returned 1 exit status
configure:6429: $? = 1
configure: failed program was:
| /* confdefs.h */
| #define PACKAGE_NAME ""
| #define PACKAGE_TARNAME ""
| #define PACKAGE_VERSION ""
| #define PACKAGE_STRING ""
| #define PACKAGE_BUGREPORT ""
| #define PACKAGE_URL ""
| #define STDC_HEADERS 1
| #define HAVE_SYS_TYPES_H 1
| #define HAVE_SYS_STAT_H 1
| #define HAVE_STDLIB_H 1
| #define HAVE_STRING_H 1
| #define HAVE_MEMORY_H 1
| #define HAVE_STRINGS_H 1
| #define HAVE_INTTYPES_H 1
| #define HAVE_STDINT_H 1
| #define HAVE_UNISTD_H 1
| #define __EXTENSIONS__ 1
| #define _ALL_SOURCE 1
| #define _GNU_SOURCE 1
| #define _POSIX_PTHREAD_SEMANTICS 1
| #define _TANDEM_SOURCE 1
| #define HAVE_USELOCALE 1
| #define HAVE_NEWLOCALE 1
| #define HAVE_FREELOCALE 1
| #define HAVE_XLOCALE_H 1
| /* end confdefs.h.  */
| 
| /* Override any GCC internal prototype to avoid an error.
|    Use char because int might match the return type of a GCC
|    builtin and then its argument prototype would still apply.  */
| #ifdef __cplusplus
| extern "C"
| #endif
| char inflateEnd ();
| int
| main ()
| {
| return inflateEnd ();
|   ;
|   return 0;
| }
configure:6429: gcc -o conftest -g -O2 -pipe -ffast-math -Wall -Wno-unused-parameter -Wno-maybe-uninitialized -Wno-clobbered -Wempty-body -Wno-switch -Wno-missing-field-initializers -Wshadow -fPIC -fno-strict-aliasing  -DMAXCONN=16384 -I../common -DHAS_TLS -DHAVE_SETRLIMIT -DHAVE_STRNLEN  -I/usr/include  -L/usr/lib conftest.c -lz   >&5
configure:6429: $? = 0
configure:6446: result: -lz
configure:6456: checking for zlib.h
configure:6456: gcc -c -g -O2 -pipe -ffast-math -Wall -Wno-unused-parameter -Wno-maybe-uninitialized -Wno-clobbered -Wempty-body -Wno-switch -Wno-missing-field-initializers -Wshadow -fPIC -fno-strict-aliasing  -DMAXCONN=16384 -I../common -DHAS_TLS -DHAVE_SETRLIMIT -DHAVE_STRNLEN  -I/usr/include conftest.c >&5
configure:6456: $? = 0
configure:6456: result: yes
configure:6473: checking for library containing sqrt
configure:6504: gcc -o conftest -g -O2 -pipe -ffast-math -Wall -Wno-unused-parameter -Wno-maybe-uninitialized -Wno-clobbered -Wempty-body -Wno-switch -Wno-missing-field-initializers -Wshadow -fPIC -fno-strict-aliasing  -DMAXCONN=16384 -I../common -DHAS_TLS -DHAVE_SETRLIMIT -DHAVE_STRNLEN  -I/usr/include  -L/usr/lib conftest.c -lz  >&5
conftest.c:35:6: warning: conflicting types for built-in function 'sqrt' [enabled by default]
 char sqrt ();
      ^
/tmp/cc6qANML.o: In function `main':
/home/ragnarok/emu/conftest.c:39: undefined reference to `sqrt'
collect2: error: ld returned 1 exit status
configure:6504: $? = 1
configure: failed program was:
| /* confdefs.h */
| #define PACKAGE_NAME ""
| #define PACKAGE_TARNAME ""
| #define PACKAGE_VERSION ""
| #define PACKAGE_STRING ""
| #define PACKAGE_BUGREPORT ""
| #define PACKAGE_URL ""
| #define STDC_HEADERS 1
| #define HAVE_SYS_TYPES_H 1
| #define HAVE_SYS_STAT_H 1
| #define HAVE_STDLIB_H 1
| #define HAVE_STRING_H 1
| #define HAVE_MEMORY_H 1
| #define HAVE_STRINGS_H 1
| #define HAVE_INTTYPES_H 1
| #define HAVE_STDINT_H 1
| #define HAVE_UNISTD_H 1
| #define __EXTENSIONS__ 1
| #define _ALL_SOURCE 1
| #define _GNU_SOURCE 1
| #define _POSIX_PTHREAD_SEMANTICS 1
| #define _TANDEM_SOURCE 1
| #define HAVE_USELOCALE 1
| #define HAVE_NEWLOCALE 1
| #define HAVE_FREELOCALE 1
| #define HAVE_XLOCALE_H 1
| /* end confdefs.h.  */
| 
| /* Override any GCC internal prototype to avoid an error.
|    Use char because int might match the return type of a GCC
|    builtin and then its argument prototype would still apply.  */
| #ifdef __cplusplus
| extern "C"
| #endif
| char sqrt ();
| int
| main ()
| {
| return sqrt ();
|   ;
|   return 0;
| }
configure:6504: gcc -o conftest -g -O2 -pipe -ffast-math -Wall -Wno-unused-parameter -Wno-maybe-uninitialized -Wno-clobbered -Wempty-body -Wno-switch -Wno-missing-field-initializers -Wshadow -fPIC -fno-strict-aliasing  -DMAXCONN=16384 -I../common -DHAS_TLS -DHAVE_SETRLIMIT -DHAVE_STRNLEN  -I/usr/include  -L/usr/lib conftest.c -lm  -lz  >&5
conftest.c:35:6: warning: conflicting types for built-in function 'sqrt' [enabled by default]
 char sqrt ();
      ^
configure:6504: $? = 0
configure:6521: result: -lm
configure:6536: checking for library containing clock_gettime
configure:6567: gcc -o conftest -g -O2 -pipe -ffast-math -Wall -Wno-unused-parameter -Wno-maybe-uninitialized -Wno-clobbered -Wempty-body -Wno-switch -Wno-missing-field-initializers -Wshadow -fPIC -fno-strict-aliasing  -DMAXCONN=16384 -I../common -DHAS_TLS -DHAVE_SETRLIMIT -DHAVE_STRNLEN  -I/usr/include  -L/usr/lib conftest.c -lm -lz  >&5
configure:6567: $? = 0
configure:6584: result: none required
configure:6603: checking whether CLOCK_MONOTONIC is supported and works
configure:6626: gcc -o conftest -g -O2 -pipe -ffast-math -Wall -Wno-unused-parameter -Wno-maybe-uninitialized -Wno-clobbered -Wempty-body -Wno-switch -Wno-missing-field-initializers -Wshadow -fPIC -fno-strict-aliasing  -DMAXCONN=16384 -I../common -DHAS_TLS -DHAVE_SETRLIMIT -DHAVE_STRNLEN  -I/usr/include  -L/usr/lib conftest.c -lm -lz  >&5
configure:6626: $? = 0
configure:6626: ./conftest
configure:6626: $? = 0
configure:6628: result: yes
configure:6650: checking for library containing pthread_create
configure:6681: gcc -o conftest -g -O2 -pipe -ffast-math -Wall -Wno-unused-parameter -Wno-maybe-uninitialized -Wno-clobbered -Wempty-body -Wno-switch -Wno-missing-field-initializers -Wshadow -fPIC -fno-strict-aliasing  -DMAXCONN=16384 -I../common -DHAS_TLS -DHAVE_SETRLIMIT -DHAVE_STRNLEN  -I/usr/include -DHAVE_MONOTONIC_CLOCK  -L/usr/lib conftest.c -lm -lz  >&5
/tmp/ccvHfpMk.o: In function `main':
/home/ragnarok/emu/conftest.c:39: undefined reference to `pthread_create'
collect2: error: ld returned 1 exit status
configure:6681: $? = 1
configure: failed program was:
| /* confdefs.h */
| #define PACKAGE_NAME ""
| #define PACKAGE_TARNAME ""
| #define PACKAGE_VERSION ""
| #define PACKAGE_STRING ""
| #define PACKAGE_BUGREPORT ""
| #define PACKAGE_URL ""
| #define STDC_HEADERS 1
| #define HAVE_SYS_TYPES_H 1
| #define HAVE_SYS_STAT_H 1
| #define HAVE_STDLIB_H 1
| #define HAVE_STRING_H 1
| #define HAVE_MEMORY_H 1
| #define HAVE_STRINGS_H 1
| #define HAVE_INTTYPES_H 1
| #define HAVE_STDINT_H 1
| #define HAVE_UNISTD_H 1
| #define __EXTENSIONS__ 1
| #define _ALL_SOURCE 1
| #define _GNU_SOURCE 1
| #define _POSIX_PTHREAD_SEMANTICS 1
| #define _TANDEM_SOURCE 1
| #define HAVE_USELOCALE 1
| #define HAVE_NEWLOCALE 1
| #define HAVE_FREELOCALE 1
| #define HAVE_XLOCALE_H 1
| /* end confdefs.h.  */
| 
| /* Override any GCC internal prototype to avoid an error.
|    Use char because int might match the return type of a GCC
|    builtin and then its argument prototype would still apply.  */
| #ifdef __cplusplus
| extern "C"
| #endif
| char pthread_create ();
| int
| main ()
| {
| return pthread_create ();
|   ;
|   return 0;
| }
configure:6681: gcc -o conftest -g -O2 -pipe -ffast-math -Wall -Wno-unused-parameter -Wno-maybe-uninitialized -Wno-clobbered -Wempty-body -Wno-switch -Wno-missing-field-initializers -Wshadow -fPIC -fno-strict-aliasing  -DMAXCONN=16384 -I../common -DHAS_TLS -DHAVE_SETRLIMIT -DHAVE_STRNLEN  -I/usr/include -DHAVE_MONOTONIC_CLOCK  -L/usr/lib conftest.c -lpthread  -lm -lz  >&5
configure:6681: $? = 0
configure:6698: result: -lpthread
configure:6708: checking for library containing pthread_sigmask
configure:6739: gcc -o conftest -g -O2 -pipe -ffast-math -Wall -Wno-unused-parameter -Wno-maybe-uninitialized -Wno-clobbered -Wempty-body -Wno-switch -Wno-missing-field-initializers -Wshadow -fPIC -fno-strict-aliasing  -DMAXCONN=16384 -I../common -DHAS_TLS -DHAVE_SETRLIMIT -DHAVE_STRNLEN  -I/usr/include -DHAVE_MONOTONIC_CLOCK  -L/usr/lib conftest.c -lpthread -lm -lz  >&5
configure:6739: $? = 0
configure:6756: result: none required
configure:6766: checking for library containing pthread_attr_init
configure:6797: gcc -o conftest -g -O2 -pipe -ffast-math -Wall -Wno-unused-parameter -Wno-maybe-uninitialized -Wno-clobbered -Wempty-body -Wno-switch -Wno-missing-field-initializers -Wshadow -fPIC -fno-strict-aliasing  -DMAXCONN=16384 -I../common -DHAS_TLS -DHAVE_SETRLIMIT -DHAVE_STRNLEN  -I/usr/include -DHAVE_MONOTONIC_CLOCK  -L/usr/lib conftest.c -lpthread -lm -lz  >&5
configure:6797: $? = 0
configure:6814: result: none required
configure:6824: checking for library containing pthread_attr_setstacksize
configure:6855: gcc -o conftest -g -O2 -pipe -ffast-math -Wall -Wno-unused-parameter -Wno-maybe-uninitialized -Wno-clobbered -Wempty-body -Wno-switch -Wno-missing-field-initializers -Wshadow -fPIC -fno-strict-aliasing  -DMAXCONN=16384 -I../common -DHAS_TLS -DHAVE_SETRLIMIT -DHAVE_STRNLEN  -I/usr/include -DHAVE_MONOTONIC_CLOCK  -L/usr/lib conftest.c -lpthread -lm -lz  >&5
configure:6855: $? = 0
configure:6872: result: none required
configure:6882: checking for library containing pthread_attr_destroy
configure:6913: gcc -o conftest -g -O2 -pipe -ffast-math -Wall -Wno-unused-parameter -Wno-maybe-uninitialized -Wno-clobbered -Wempty-body -Wno-switch -Wno-missing-field-initializers -Wshadow -fPIC -fno-strict-aliasing  -DMAXCONN=16384 -I../common -DHAS_TLS -DHAVE_SETRLIMIT -DHAVE_STRNLEN  -I/usr/include -DHAVE_MONOTONIC_CLOCK  -L/usr/lib conftest.c -lpthread -lm -lz  >&5
configure:6913: $? = 0
configure:6930: result: none required
configure:6940: checking for library containing pthread_cancel
configure:6971: gcc -o conftest -g -O2 -pipe -ffast-math -Wall -Wno-unused-parameter -Wno-maybe-uninitialized -Wno-clobbered -Wempty-body -Wno-switch -Wno-missing-field-initializers -Wshadow -fPIC -fno-strict-aliasing  -DMAXCONN=16384 -I../common -DHAS_TLS -DHAVE_SETRLIMIT -DHAVE_STRNLEN  -I/usr/include -DHAVE_MONOTONIC_CLOCK  -L/usr/lib conftest.c -lpthread -lm -lz  >&5
configure:6971: $? = 0
configure:6988: result: none required
configure:6998: checking for library containing pthread_join
configure:7029: gcc -o conftest -g -O2 -pipe -ffast-math -Wall -Wno-unused-parameter -Wno-maybe-uninitialized -Wno-clobbered -Wempty-body -Wno-switch -Wno-missing-field-initializers -Wshadow -fPIC -fno-strict-aliasing  -DMAXCONN=16384 -I../common -DHAS_TLS -DHAVE_SETRLIMIT -DHAVE_STRNLEN  -I/usr/include -DHAVE_MONOTONIC_CLOCK  -L/usr/lib conftest.c -lpthread -lm -lz  >&5
configure:7029: $? = 0
configure:7046: result: none required
configure:7065: checking for mysql_config
configure:7083: found /usr/bin/mysql_config
configure:7096: result: /usr/bin/mysql_config
configure:7120: checking for mysql_init in -lmysqlclient
configure:7145: gcc -o conftest -g -O2 -pipe -ffast-math -Wall -Wno-unused-parameter -Wno-maybe-uninitialized -Wno-clobbered -Wempty-body -Wno-switch -Wno-missing-field-initializers -Wshadow -fPIC -fno-strict-aliasing  -DMAXCONN=16384 -I../common -DHAS_TLS -DHAVE_SETRLIMIT -DHAVE_STRNLEN  -I/usr/include -DHAVE_MONOTONIC_CLOCK -I/usr/include/mysql  -L/usr/lib -L/usr/lib/x86_64-linux-gnu -lmysqlclient -lpthread -lz -lm -ldl conftest.c -lmysqlclient  -lpthread -lm -lz  >&5
configure:7145: $? = 0
configure:7154: result: yes
configure:7160: checking mysql.h usability
configure:7160: gcc -c -g -O2 -pipe -ffast-math -Wall -Wno-unused-parameter -Wno-maybe-uninitialized -Wno-clobbered -Wempty-body -Wno-switch -Wno-missing-field-initializers -Wshadow -fPIC -fno-strict-aliasing  -DMAXCONN=16384 -I../common -DHAS_TLS -DHAVE_SETRLIMIT -DHAVE_STRNLEN  -I/usr/include -DHAVE_MONOTONIC_CLOCK -I/usr/include/mysql conftest.c >&5
configure:7160: $? = 0
configure:7160: result: yes
configure:7160: checking mysql.h presence
configure:7160: gcc -E  -DMAXCONN=16384 -I../common -DHAS_TLS -DHAVE_SETRLIMIT -DHAVE_STRNLEN  -I/usr/include -DHAVE_MONOTONIC_CLOCK -I/usr/include/mysql conftest.c
configure:7160: $? = 0
configure:7160: result: yes
configure:7160: checking for mysql.h
configure:7160: result: yes
configure:7171: checking MySQL library (required)
configure:7174: result: yes (5.5.47)
configure:7203: checking for library containing pcre_study
configure:7234: gcc -o conftest -g -O2 -pipe -ffast-math -Wall -Wno-unused-parameter -Wno-maybe-uninitialized -Wno-clobbered -Wempty-body -Wno-switch -Wno-missing-field-initializers -Wshadow -fPIC -fno-strict-aliasing  -DMAXCONN=16384 -I../common -DHAS_TLS -DHAVE_SETRLIMIT -DHAVE_STRNLEN  -I/usr/include -DHAVE_MONOTONIC_CLOCK  -L/usr/lib conftest.c -lpthread -lm -lz  >&5
/tmp/ccUgX2LF.o: In function `main':
/home/ragnarok/emu/conftest.c:39: undefined reference to `pcre_study'
collect2: error: ld returned 1 exit status
configure:7234: $? = 1
configure: failed program was:
| /* confdefs.h */
| #define PACKAGE_NAME ""
| #define PACKAGE_TARNAME ""
| #define PACKAGE_VERSION ""
| #define PACKAGE_STRING ""
| #define PACKAGE_BUGREPORT ""
| #define PACKAGE_URL ""
| #define STDC_HEADERS 1
| #define HAVE_SYS_TYPES_H 1
| #define HAVE_SYS_STAT_H 1
| #define HAVE_STDLIB_H 1
| #define HAVE_STRING_H 1
| #define HAVE_MEMORY_H 1
| #define HAVE_STRINGS_H 1
| #define HAVE_INTTYPES_H 1
| #define HAVE_STDINT_H 1
| #define HAVE_UNISTD_H 1
| #define __EXTENSIONS__ 1
| #define _ALL_SOURCE 1
| #define _GNU_SOURCE 1
| #define _POSIX_PTHREAD_SEMANTICS 1
| #define _TANDEM_SOURCE 1
| #define HAVE_USELOCALE 1
| #define HAVE_NEWLOCALE 1
| #define HAVE_FREELOCALE 1
| #define HAVE_XLOCALE_H 1
| /* end confdefs.h.  */
| 
| /* Override any GCC internal prototype to avoid an error.
|    Use char because int might match the return type of a GCC
|    builtin and then its argument prototype would still apply.  */
| #ifdef __cplusplus
| extern "C"
| #endif
| char pcre_study ();
| int
| main ()
| {
| return pcre_study ();
|   ;
|   return 0;
| }
configure:7234: gcc -o conftest -g -O2 -pipe -ffast-math -Wall -Wno-unused-parameter -Wno-maybe-uninitialized -Wno-clobbered -Wempty-body -Wno-switch -Wno-missing-field-initializers -Wshadow -fPIC -fno-strict-aliasing  -DMAXCONN=16384 -I../common -DHAS_TLS -DHAVE_SETRLIMIT -DHAVE_STRNLEN  -I/usr/include -DHAVE_MONOTONIC_CLOCK  -L/usr/lib conftest.c -lpcre  -lpthread -lm -lz  >&5
/usr/bin/ld: cannot find -lpcre
collect2: error: ld returned 1 exit status
configure:7234: $? = 1
configure: failed program was:
| /* confdefs.h */
| #define PACKAGE_NAME ""
| #define PACKAGE_TARNAME ""
| #define PACKAGE_VERSION ""
| #define PACKAGE_STRING ""
| #define PACKAGE_BUGREPORT ""
| #define PACKAGE_URL ""
| #define STDC_HEADERS 1
| #define HAVE_SYS_TYPES_H 1
| #define HAVE_SYS_STAT_H 1
| #define HAVE_STDLIB_H 1
| #define HAVE_STRING_H 1
| #define HAVE_MEMORY_H 1
| #define HAVE_STRINGS_H 1
| #define HAVE_INTTYPES_H 1
| #define HAVE_STDINT_H 1
| #define HAVE_UNISTD_H 1
| #define __EXTENSIONS__ 1
| #define _ALL_SOURCE 1
| #define _GNU_SOURCE 1
| #define _POSIX_PTHREAD_SEMANTICS 1
| #define _TANDEM_SOURCE 1
| #define HAVE_USELOCALE 1
| #define HAVE_NEWLOCALE 1
| #define HAVE_FREELOCALE 1
| #define HAVE_XLOCALE_H 1
| /* end confdefs.h.  */
| 
| /* Override any GCC internal prototype to avoid an error.
|    Use char because int might match the return type of a GCC
|    builtin and then its argument prototype would still apply.  */
| #ifdef __cplusplus
| extern "C"
| #endif
| char pcre_study ();
| int
| main ()
| {
| return pcre_study ();
|   ;
|   return 0;
| }
configure:7251: result: no
configure:7312: checking PCRE library (optional)
configure:7319: result: no
configure:7324: disabling PCRE (optional)
configure:7339: checking host OS
configure:7342: result: Linux
configure:7367: checking for MinGW
configure:7378: result: no
configure:7386: Configure finish
configure:7388: CPPFLAGS=  -DMAXCONN=16384 -I../common -DHAS_TLS -DHAVE_SETRLIMIT -DHAVE_STRNLEN  -I/usr/include -DHAVE_MONOTONIC_CLOCK
configure:7390: CFLAGS= -flto -fuse-linker-plugin -g -O2 -pipe -ffast-math -Wall -Wno-unused-parameter -Wno-maybe-uninitialized -Wno-clobbered -Wempty-body -Wno-switch -Wno-missing-field-initializers -Wshadow -fPIC -fno-strict-aliasing
configure:7392: CFLAGS_AR= -flto -fuse-linker-plugin -ffat-lto-objects -flto -fuse-linker-plugin -g -O2 -pipe -ffast-math -Wall -Wno-unused-parameter -Wno-maybe-uninitialized -Wno-clobbered -Wempty-body -Wno-switch -Wno-missing-field-initializers -Wshadow -fPIC -fno-strict-aliasing
configure:7394: LDFLAGS=  -L/usr/lib
configure:7398: output name =  login-server, char-server, map-server
configure:7553: creating ./config.status

## ---------------------- ##
## Running config.status. ##
## ---------------------- ##

This file was extended by config.status, which was
generated by GNU Autoconf 2.69.  Invocation command line was

  CONFIG_FILES    = 
  CONFIG_HEADERS  = 
  CONFIG_LINKS    = 
  CONFIG_COMMANDS = 
  $ ./config.status 

on core

config.status:751: creating Makefile
config.status:751: creating src/common/Makefile
config.status:751: creating 3rdparty/mt19937ar/Makefile
config.status:751: creating 3rdparty/libconfig/Makefile
config.status:751: creating src/char/Makefile
config.status:751: creating src/login/Makefile
config.status:751: creating src/map/Makefile
config.status:751: creating src/tool/Makefile

## ---------------- ##
## Cache variables. ##
## ---------------- ##

ac_cv_c_bigendian=no
ac_cv_c_compiler_gnu=yes
ac_cv_env_CC_set=
ac_cv_env_CC_value=
ac_cv_env_CFLAGS_set=
ac_cv_env_CFLAGS_value=
ac_cv_env_CPPFLAGS_set=
ac_cv_env_CPPFLAGS_value=
ac_cv_env_CPP_set=
ac_cv_env_CPP_value=
ac_cv_env_LDFLAGS_set=
ac_cv_env_LDFLAGS_value=
ac_cv_env_LIBS_set=
ac_cv_env_LIBS_value=
ac_cv_env_build_alias_set=
ac_cv_env_build_alias_value=
ac_cv_env_host_alias_set=
ac_cv_env_host_alias_value=
ac_cv_env_target_alias_set=
ac_cv_env_target_alias_value=
ac_cv_func_freelocale=yes
ac_cv_func_newlocale=yes
ac_cv_func_setrlimit=yes
ac_cv_func_strnlen=yes
ac_cv_func_uselocale=yes
ac_cv_header_inttypes_h=yes
ac_cv_header_memory_h=yes
ac_cv_header_minix_config_h=no
ac_cv_header_mysql_h=yes
ac_cv_header_stdc=yes
ac_cv_header_stdint_h=yes
ac_cv_header_stdlib_h=yes
ac_cv_header_string_h=yes
ac_cv_header_strings_h=yes
ac_cv_header_sys_stat_h=yes
ac_cv_header_sys_types_h=yes
ac_cv_header_unistd_h=yes
ac_cv_header_xlocale_h=yes
ac_cv_header_zlib_h=yes
ac_cv_lib_mysqlclient_mysql_init=yes
ac_cv_objext=o
ac_cv_path_AR=/usr/bin/ar
ac_cv_path_EGREP='/bin/grep -E'
ac_cv_path_GREP=/bin/grep
ac_cv_path_MYSQL_CONFIG_HOME=/usr/bin/mysql_config
ac_cv_prog_CPP='gcc -E'
ac_cv_prog_ac_ct_CC=gcc
ac_cv_prog_cc_c89=
ac_cv_prog_cc_g=yes
ac_cv_prog_make_make_set=yes
ac_cv_safe_to_define___extensions__=yes
ac_cv_search_clock_gettime='none required'
ac_cv_search_inflateEnd=-lz
ac_cv_search_pcre_study=no
ac_cv_search_pthread_attr_destroy='none required'
ac_cv_search_pthread_attr_init='none required'
ac_cv_search_pthread_attr_setstacksize='none required'
ac_cv_search_pthread_cancel='none required'
ac_cv_search_pthread_create=-lpthread
ac_cv_search_pthread_join='none required'
ac_cv_search_pthread_sigmask='none required'
ac_cv_search_sqrt=-lm

## ----------------- ##
## Output variables. ##
## ----------------- ##

AR='/usr/bin/ar'
CC='gcc'
CFLAGS='-flto -fuse-linker-plugin -g -O2 -pipe -ffast-math -Wall -Wno-unused-parameter -Wno-maybe-uninitialized -Wno-clobbered -Wempty-body -Wno-switch -Wno-missing-field-initializers -Wshadow -fPIC -fno-strict-aliasing'
CFLAGS_AR='-flto -fuse-linker-plugin -ffat-lto-objects -flto -fuse-linker-plugin -g -O2 -pipe -ffast-math -Wall -Wno-unused-parameter -Wno-maybe-uninitialized -Wno-clobbered -Wempty-body -Wno-switch -Wno-missing-field-initializers -Wshadow -fPIC -fno-strict-aliasing'
CPP='gcc -E'
CPPFLAGS=' -DMAXCONN=16384 -I../common -DHAS_TLS -DHAVE_SETRLIMIT -DHAVE_STRNLEN  -I/usr/include -DHAVE_MONOTONIC_CLOCK'
DEFS='-DPACKAGE_NAME=\"\" -DPACKAGE_TARNAME=\"\" -DPACKAGE_VERSION=\"\" -DPACKAGE_STRING=\"\" -DPACKAGE_BUGREPORT=\"\" -DPACKAGE_URL=\"\" -DSTDC_HEADERS=1 -DHAVE_SYS_TYPES_H=1 -DHAVE_SYS_STAT_H=1 -DHAVE_STDLIB_H=1 -DHAVE_STRING_H=1 -DHAVE_MEMORY_H=1 -DHAVE_STRINGS_H=1 -DHAVE_INTTYPES_H=1 -DHAVE_STDINT_H=1 -DHAVE_UNISTD_H=1 -D__EXTENSIONS__=1 -D_ALL_SOURCE=1 -D_GNU_SOURCE=1 -D_POSIX_PTHREAD_SEMANTICS=1 -D_TANDEM_SOURCE=1 -DHAVE_USELOCALE=1 -DHAVE_NEWLOCALE=1 -DHAVE_FREELOCALE=1 -DHAVE_XLOCALE_H=1'
DLLEXT='.so'
ECHO_C=''
ECHO_N='-n'
ECHO_T=''
EGREP='/bin/grep -E'
EXEEXT=''
GREP='/bin/grep'
HAVE_MYSQL='yes'
HAVE_PCRE=''
LDFLAGS=' -L/usr/lib'
LIBOBJS=''
LIBS='-lpthread -lm -lz  -ldl'
LTLIBOBJS=''
MYSQL_CFLAGS='-I/usr/include/mysql'
MYSQL_CONFIG_HOME='/usr/bin/mysql_config'
MYSQL_LIBS='-L/usr/lib/x86_64-linux-gnu -lmysqlclient -lpthread -lz -lm -ldl'
MYSQL_VERSION='5.5.47'
OBJEXT='o'
OCHR='char-server'
OLOG='login-server'
OMAP='map-server'
PACKAGE_BUGREPORT=''
PACKAGE_NAME=''
PACKAGE_STRING=''
PACKAGE_TARNAME=''
PACKAGE_URL=''
PACKAGE_VERSION=''
PATH_SEPARATOR=':'
PCRE_CFLAGS=''
PCRE_LIBS=''
PCRE_VERSION=''
SET_MAKE=''
SHELL='/bin/bash'
SOFLAGS=' -shared'
WITH_PLUGINS='yes'
ac_ct_CC='gcc'
bindir='${exec_prefix}/bin'
build_alias=''
datadir='${datarootdir}'
datarootdir='${prefix}/share'
docdir='${datarootdir}/doc/${PACKAGE}'
dvidir='${docdir}'
exec_prefix='${prefix}'
host_alias=''
htmldir='${docdir}'
includedir='${prefix}/include'
infodir='${datarootdir}/info'
libdir='${exec_prefix}/lib'
libexecdir='${exec_prefix}/libexec'
localedir='${datarootdir}/locale'
localstatedir='${prefix}/var'
mandir='${datarootdir}/man'
oldincludedir='/usr/include'
pdfdir='${docdir}'
prefix='/usr/local'
program_transform_name='s,x,x,'
psdir='${docdir}'
sbindir='${exec_prefix}/sbin'
sharedstatedir='${prefix}/com'
sysconfdir='${prefix}/etc'
target_alias=''

## ----------- ##
## confdefs.h. ##
## ----------- ##

/* confdefs.h */
#define PACKAGE_NAME ""
#define PACKAGE_TARNAME ""
#define PACKAGE_VERSION ""
#define PACKAGE_STRING ""
#define PACKAGE_BUGREPORT ""
#define PACKAGE_URL ""
#define STDC_HEADERS 1
#define HAVE_SYS_TYPES_H 1
#define HAVE_SYS_STAT_H 1
#define HAVE_STDLIB_H 1
#define HAVE_STRING_H 1
#define HAVE_MEMORY_H 1
#define HAVE_STRINGS_H 1
#define HAVE_INTTYPES_H 1
#define HAVE_STDINT_H 1
#define HAVE_UNISTD_H 1
#define __EXTENSIONS__ 1
#define _ALL_SOURCE 1
#define _GNU_SOURCE 1
#define _POSIX_PTHREAD_SEMANTICS 1
#define _TANDEM_SOURCE 1
#define HAVE_USELOCALE 1
#define HAVE_NEWLOCALE 1
#define HAVE_FREELOCALE 1
#define HAVE_XLOCALE_H 1

configure: exit 0
